<?xml version="1.0" encoding="UTF-8"?>
<!-- Generated by org.testng.reporters.JUnitReportReporter -->
<testsuite hostname="KAI-DT136" name="com.MyFrameWork.TestingMyScripts.TestScroll" tests="1" failures="0" timestamp="12 May 2016 06:19:01 GMT" time="12.789" errors="0">
  <testcase name="autoriseMail" time="12.789" classname="com.MyFrameWork.TestingMyScripts.TestScroll"/>
</testsuite> <!-- com.MyFrameWork.TestingMyScripts.TestScroll -->
