<?xml version="1.0" encoding="UTF-8"?>
<!-- Generated by org.testng.reporters.JUnitReportReporter -->
<testsuite hostname="KAI-DT136" name="com.MyFrameWork.TestingMyScripts.TestScroll" tests="1" failures="0" timestamp="13 May 2016 13:09:19 GMT" time="0.008" errors="0">
  <testcase name="autoriseMail" time="0.008" classname="com.MyFrameWork.TestingMyScripts.TestScroll"/>
</testsuite> <!-- com.MyFrameWork.TestingMyScripts.TestScroll -->
