<?xml version="1.0" encoding="UTF-8"?>
<!-- Generated by org.testng.reporters.JUnitReportReporter -->
<testsuite hostname="KAI-DT136" name="com.MyFrameWork.TestingMyScripts.TestScroll" tests="1" failures="0" timestamp="12 May 2016 09:48:56 GMT" time="0.016" errors="0">
  <testcase name="autoriseMail" time="0.016" classname="com.MyFrameWork.TestingMyScripts.TestScroll"/>
</testsuite> <!-- com.MyFrameWork.TestingMyScripts.TestScroll -->
